<?xml version="1.0" encoding="UTF-8"?>
<!-- Generated by org.testng.reporters.JUnitReportReporter -->
<testsuite hostname="LM-SFA-11003424" name="com.intuit.service.helper.DocTagHelperTest" tests="1" failures="0" timestamp="24 Oct 2017 23:58:13 GMT" time="0.010" errors="0">
  <testcase name="testGetDocByTag" time="0.010" classname="com.intuit.service.helper.DocTagHelperTest"/>
</testsuite> <!-- com.intuit.service.helper.DocTagHelperTest -->
